\BOOKMARK [0][-]{chapter.1}{\376\377\000N\000a\000m\000e\000s\000p\000a\000c\000e\000\040\000I\000n\000d\000e\000x}{}
\BOOKMARK [1][-]{section.1.1}{\376\377\000P\000a\000c\000k\000a\000g\000e\000s}{chapter.1}
\BOOKMARK [0][-]{chapter.2}{\376\377\000C\000l\000a\000s\000s\000\040\000I\000n\000d\000e\000x}{}
\BOOKMARK [1][-]{section.2.1}{\376\377\000C\000l\000a\000s\000s\000\040\000H\000i\000e\000r\000a\000r\000c\000h\000y}{chapter.2}
\BOOKMARK [0][-]{chapter.3}{\376\377\000C\000l\000a\000s\000s\000\040\000I\000n\000d\000e\000x}{}
\BOOKMARK [1][-]{section.3.1}{\376\377\000C\000l\000a\000s\000s\000\040\000L\000i\000s\000t}{chapter.3}
\BOOKMARK [0][-]{chapter.4}{\376\377\000F\000i\000l\000e\000\040\000I\000n\000d\000e\000x}{}
\BOOKMARK [1][-]{section.4.1}{\376\377\000F\000i\000l\000e\000\040\000L\000i\000s\000t}{chapter.4}
\BOOKMARK [0][-]{chapter.5}{\376\377\000N\000a\000m\000e\000s\000p\000a\000c\000e\000\040\000D\000o\000c\000u\000m\000e\000n\000t\000a\000t\000i\000o\000n}{}
\BOOKMARK [1][-]{section.5.1}{\376\377\000c\000u\000s\000t\000o\000m\000\137\000e\000x\000c\000e\000p\000t\000i\000o\000n\000s\000\040\000N\000a\000m\000e\000s\000p\000a\000c\000e\000\040\000R\000e\000f\000e\000r\000e\000n\000c\000e}{chapter.5}
\BOOKMARK [2][-]{subsection.5.1.1}{\376\377\000D\000e\000t\000a\000i\000l\000e\000d\000\040\000D\000e\000s\000c\000r\000i\000p\000t\000i\000o\000n}{section.5.1}
\BOOKMARK [1][-]{section.5.2}{\376\377\000p\000y\000r\000t\000a\000i\000\040\000N\000a\000m\000e\000s\000p\000a\000c\000e\000\040\000R\000e\000f\000e\000r\000e\000n\000c\000e}{chapter.5}
\BOOKMARK [2][-]{subsection.5.2.1}{\376\377\000D\000e\000t\000a\000i\000l\000e\000d\000\040\000D\000e\000s\000c\000r\000i\000p\000t\000i\000o\000n}{section.5.2}
\BOOKMARK [1][-]{section.5.3}{\376\377\000p\000y\000r\000t\000a\000i\000:\000:\000c\000o\000n\000f\000i\000g\000u\000r\000a\000t\000o\000r\000\040\000N\000a\000m\000e\000s\000p\000a\000c\000e\000\040\000R\000e\000f\000e\000r\000e\000n\000c\000e}{chapter.5}
\BOOKMARK [1][-]{section.5.4}{\376\377\000p\000y\000r\000t\000a\000i\000:\000:\000c\000o\000n\000n\000e\000c\000t\000o\000r\000\040\000N\000a\000m\000e\000s\000p\000a\000c\000e\000\040\000R\000e\000f\000e\000r\000e\000n\000c\000e}{chapter.5}
\BOOKMARK [1][-]{section.5.5}{\376\377\000p\000y\000r\000t\000a\000i\000:\000:\000c\000u\000s\000t\000o\000m\000\137\000e\000x\000c\000e\000p\000t\000i\000o\000n\000s\000\040\000N\000a\000m\000e\000s\000p\000a\000c\000e\000\040\000R\000e\000f\000e\000r\000e\000n\000c\000e}{chapter.5}
\BOOKMARK [1][-]{section.5.6}{\376\377\000p\000y\000r\000t\000a\000i\000:\000:\000d\000a\000t\000a\000\137\000c\000o\000l\000l\000e\000c\000t\000o\000r\000\040\000N\000a\000m\000e\000s\000p\000a\000c\000e\000\040\000R\000e\000f\000e\000r\000e\000n\000c\000e}{chapter.5}
\BOOKMARK [1][-]{section.5.7}{\376\377\000p\000y\000r\000t\000a\000i\000:\000:\000t\000a\000r\000g\000e\000t\000\040\000N\000a\000m\000e\000s\000p\000a\000c\000e\000\040\000R\000e\000f\000e\000r\000e\000n\000c\000e}{chapter.5}
\BOOKMARK [1][-]{section.5.8}{\376\377\000p\000y\000r\000t\000a\000i\000:\000:\000u\000t\000i\000l\000i\000t\000y\000\040\000N\000a\000m\000e\000s\000p\000a\000c\000e\000\040\000R\000e\000f\000e\000r\000e\000n\000c\000e}{chapter.5}
\BOOKMARK [2][-]{subsection.5.8.1}{\376\377\000F\000u\000n\000c\000t\000i\000o\000n\000\040\000D\000o\000c\000u\000m\000e\000n\000t\000a\000t\000i\000o\000n}{section.5.8}
\BOOKMARK [3][-]{subsubsection.5.8.1.1}{\376\377\000g\000e\000t\000S\000t\000a\000t\000e\000F\000r\000o\000m\000R\000e\000s\000p\000o\000n\000s\000e}{subsection.5.8.1}
\BOOKMARK [0][-]{chapter.6}{\376\377\000C\000l\000a\000s\000s\000\040\000D\000o\000c\000u\000m\000e\000n\000t\000a\000t\000i\000o\000n}{}
\BOOKMARK [1][-]{section.6.1}{\376\377\000p\000y\000r\000t\000a\000i\000:\000:\000c\000o\000n\000f\000i\000g\000u\000r\000a\000t\000o\000r\000:\000:\000C\000o\000n\000f\000i\000g\000u\000r\000a\000t\000o\000r\000\040\000C\000l\000a\000s\000s\000\040\000R\000e\000f\000e\000r\000e\000n\000c\000e}{chapter.6}
\BOOKMARK [2][-]{subsection.6.1.1}{\376\377\000D\000e\000t\000a\000i\000l\000e\000d\000\040\000D\000e\000s\000c\000r\000i\000p\000t\000i\000o\000n}{section.6.1}
\BOOKMARK [2][-]{subsection.6.1.2}{\376\377\000C\000o\000n\000s\000t\000r\000u\000c\000t\000o\000r\000\040\000\046\000\040\000D\000e\000s\000t\000r\000u\000c\000t\000o\000r\000\040\000D\000o\000c\000u\000m\000e\000n\000t\000a\000t\000i\000o\000n}{section.6.1}
\BOOKMARK [3][-]{subsubsection.6.1.2.1}{\376\377\000\137\000\137\000i\000n\000i\000t\000\137\000\137}{subsection.6.1.2}
\BOOKMARK [2][-]{subsection.6.1.3}{\376\377\000M\000e\000m\000b\000e\000r\000\040\000F\000u\000n\000c\000t\000i\000o\000n\000\040\000D\000o\000c\000u\000m\000e\000n\000t\000a\000t\000i\000o\000n}{section.6.1}
\BOOKMARK [3][-]{subsubsection.6.1.3.1}{\376\377\000c\000h\000e\000c\000k\000I\000f\000M\000a\000s\000t\000e\000r\000O\000r\000S\000l\000a\000v\000e}{subsection.6.1.3}
\BOOKMARK [3][-]{subsubsection.6.1.3.2}{\376\377\000g\000e\000t\000A\000t\000t\000r}{subsection.6.1.3}
\BOOKMARK [3][-]{subsubsection.6.1.3.3}{\376\377\000g\000e\000t\000U\000r\000l}{subsection.6.1.3}
\BOOKMARK [3][-]{subsubsection.6.1.3.4}{\376\377\000s\000e\000t\000A\000t\000t\000r}{subsection.6.1.3}
\BOOKMARK [2][-]{subsection.6.1.4}{\376\377\000M\000e\000m\000b\000e\000r\000\040\000D\000a\000t\000a\000\040\000D\000o\000c\000u\000m\000e\000n\000t\000a\000t\000i\000o\000n}{section.6.1}
\BOOKMARK [3][-]{subsubsection.6.1.4.1}{\376\377\000a\000d\000d\000r\000e\000s\000s}{subsection.6.1.4}
\BOOKMARK [3][-]{subsubsection.6.1.4.2}{\376\377\000c\000o\000n\000f\000i\000g}{subsection.6.1.4}
\BOOKMARK [3][-]{subsubsection.6.1.4.3}{\376\377\000h\000o\000s\000t}{subsection.6.1.4}
\BOOKMARK [3][-]{subsubsection.6.1.4.4}{\376\377\000i\000s\000\137\000s\000l\000a\000v\000e\000\137\000c\000o\000n\000n\000e\000c\000t\000i\000o\000n}{subsection.6.1.4}
\BOOKMARK [3][-]{subsubsection.6.1.4.5}{\376\377\000p\000o\000r\000t}{subsection.6.1.4}
\BOOKMARK [3][-]{subsubsection.6.1.4.6}{\376\377\000p\000r\000o\000t\000o\000c\000o\000l}{subsection.6.1.4}
\BOOKMARK [3][-]{subsubsection.6.1.4.7}{\376\377\000s\000e\000s\000s\000i\000o\000n\000\137\000i\000d}{subsection.6.1.4}
\BOOKMARK [3][-]{subsubsection.6.1.4.8}{\376\377\000s\000l\000a\000v\000e\000\137\000d\000a\000t\000a\000\137\000p\000o\000r\000t}{subsection.6.1.4}
\BOOKMARK [3][-]{subsubsection.6.1.4.9}{\376\377\000s\000l\000a\000v\000e\000\137\000p\000o\000r\000t}{subsection.6.1.4}
\BOOKMARK [3][-]{subsubsection.6.1.4.10}{\376\377\000t\000a\000r\000g\000e\000t\000\137\000n\000a\000m\000e}{subsection.6.1.4}
\BOOKMARK [1][-]{section.6.2}{\376\377\000p\000y\000r\000t\000a\000i\000:\000:\000c\000o\000n\000n\000e\000c\000t\000o\000r\000:\000:\000C\000o\000n\000n\000e\000c\000t\000o\000r\000\040\000C\000l\000a\000s\000s\000\040\000R\000e\000f\000e\000r\000e\000n\000c\000e}{chapter.6}
\BOOKMARK [2][-]{subsection.6.2.1}{\376\377\000D\000e\000t\000a\000i\000l\000e\000d\000\040\000D\000e\000s\000c\000r\000i\000p\000t\000i\000o\000n}{section.6.2}
\BOOKMARK [2][-]{subsection.6.2.2}{\376\377\000C\000o\000n\000s\000t\000r\000u\000c\000t\000o\000r\000\040\000\046\000\040\000D\000e\000s\000t\000r\000u\000c\000t\000o\000r\000\040\000D\000o\000c\000u\000m\000e\000n\000t\000a\000t\000i\000o\000n}{section.6.2}
\BOOKMARK [3][-]{subsubsection.6.2.2.1}{\376\377\000\137\000\137\000i\000n\000i\000t\000\137\000\137}{subsection.6.2.2}
\BOOKMARK [2][-]{subsection.6.2.3}{\376\377\000M\000e\000m\000b\000e\000r\000\040\000F\000u\000n\000c\000t\000i\000o\000n\000\040\000D\000o\000c\000u\000m\000e\000n\000t\000a\000t\000i\000o\000n}{section.6.2}
\BOOKMARK [3][-]{subsubsection.6.2.3.1}{\376\377\000c\000a\000l\000l\000M\000e\000t\000h\000o\000d}{subsection.6.2.3}
\BOOKMARK [3][-]{subsubsection.6.2.3.2}{\376\377\000c\000l\000o\000s\000e\000S\000e\000s\000s\000i\000o\000n}{subsection.6.2.3}
\BOOKMARK [3][-]{subsubsection.6.2.3.3}{\376\377\000C\000o\000n\000n\000e\000c\000t\000i\000o\000n\000\137\000R\000e\000q\000u\000e\000s\000t}{subsection.6.2.3}
\BOOKMARK [3][-]{subsubsection.6.2.3.4}{\376\377\000c\000o\000n\000n\000e\000c\000t\000S\000l\000a\000v\000e}{subsection.6.2.3}
\BOOKMARK [3][-]{subsubsection.6.2.3.5}{\376\377\000d\000i\000s\000c\000o\000n\000n\000e\000c\000t}{subsection.6.2.3}
\BOOKMARK [3][-]{subsubsection.6.2.3.6}{\376\377\000g\000e\000t\000I\000n\000f\000o}{subsection.6.2.3}
\BOOKMARK [3][-]{subsubsection.6.2.3.7}{\376\377\000s\000t\000o\000p\000S\000e\000r\000v\000e\000r}{subsection.6.2.3}
\BOOKMARK [2][-]{subsection.6.2.4}{\376\377\000M\000e\000m\000b\000e\000r\000\040\000D\000a\000t\000a\000\040\000D\000o\000c\000u\000m\000e\000n\000t\000a\000t\000i\000o\000n}{section.6.2}
\BOOKMARK [3][-]{subsubsection.6.2.4.1}{\376\377\000c\000o\000n\000n\000e\000c\000t\000i\000o\000n}{subsection.6.2.4}
\BOOKMARK [1][-]{section.6.3}{\376\377\000p\000y\000r\000t\000a\000i\000:\000:\000d\000a\000t\000a\000\137\000c\000o\000l\000l\000e\000c\000t\000o\000r\000:\000:\000D\000a\000t\000a\000C\000o\000l\000l\000e\000c\000t\000o\000r\000\040\000C\000l\000a\000s\000s\000\040\000R\000e\000f\000e\000r\000e\000n\000c\000e}{chapter.6}
\BOOKMARK [2][-]{subsection.6.3.1}{\376\377\000C\000o\000n\000s\000t\000r\000u\000c\000t\000o\000r\000\040\000\046\000\040\000D\000e\000s\000t\000r\000u\000c\000t\000o\000r\000\040\000D\000o\000c\000u\000m\000e\000n\000t\000a\000t\000i\000o\000n}{section.6.3}
\BOOKMARK [3][-]{subsubsection.6.3.1.1}{\376\377\000\137\000\137\000i\000n\000i\000t\000\137\000\137}{subsection.6.3.1}
\BOOKMARK [2][-]{subsection.6.3.2}{\376\377\000M\000e\000m\000b\000e\000r\000\040\000D\000a\000t\000a\000\040\000D\000o\000c\000u\000m\000e\000n\000t\000a\000t\000i\000o\000n}{section.6.3}
\BOOKMARK [3][-]{subsubsection.6.3.2.1}{\376\377\000i\000n\000p\000u\000t}{subsection.6.3.2}
\BOOKMARK [3][-]{subsubsection.6.3.2.2}{\376\377\000o\000u\000t\000p\000u\000t}{subsection.6.3.2}
\BOOKMARK [1][-]{section.6.4}{\376\377\000p\000y\000r\000t\000a\000i\000:\000:\000c\000u\000s\000t\000o\000m\000\137\000e\000x\000c\000e\000p\000t\000i\000o\000n\000s\000:\000:\000R\000t\000a\000i\000C\000o\000n\000f\000i\000g\000E\000r\000r\000o\000r\000\040\000C\000l\000a\000s\000s\000\040\000R\000e\000f\000e\000r\000e\000n\000c\000e}{chapter.6}
\BOOKMARK [2][-]{subsection.6.4.1}{\376\377\000D\000e\000t\000a\000i\000l\000e\000d\000\040\000D\000e\000s\000c\000r\000i\000p\000t\000i\000o\000n}{section.6.4}
\BOOKMARK [2][-]{subsection.6.4.2}{\376\377\000C\000o\000n\000s\000t\000r\000u\000c\000t\000o\000r\000\040\000\046\000\040\000D\000e\000s\000t\000r\000u\000c\000t\000o\000r\000\040\000D\000o\000c\000u\000m\000e\000n\000t\000a\000t\000i\000o\000n}{section.6.4}
\BOOKMARK [3][-]{subsubsection.6.4.2.1}{\376\377\000\137\000\137\000i\000n\000i\000t\000\137\000\137}{subsection.6.4.2}
\BOOKMARK [2][-]{subsection.6.4.3}{\376\377\000M\000e\000m\000b\000e\000r\000\040\000F\000u\000n\000c\000t\000i\000o\000n\000\040\000D\000o\000c\000u\000m\000e\000n\000t\000a\000t\000i\000o\000n}{section.6.4}
\BOOKMARK [3][-]{subsubsection.6.4.3.1}{\376\377\000\137\000\137\000s\000t\000r\000\137\000\137}{subsection.6.4.3}
\BOOKMARK [2][-]{subsection.6.4.4}{\376\377\000M\000e\000m\000b\000e\000r\000\040\000D\000a\000t\000a\000\040\000D\000o\000c\000u\000m\000e\000n\000t\000a\000t\000i\000o\000n}{section.6.4}
\BOOKMARK [3][-]{subsubsection.6.4.4.1}{\376\377\000e\000x\000p\000r}{subsection.6.4.4}
\BOOKMARK [3][-]{subsubsection.6.4.4.2}{\376\377\000m\000s\000g}{subsection.6.4.4}
\BOOKMARK [1][-]{section.6.5}{\376\377\000p\000y\000r\000t\000a\000i\000:\000:\000c\000u\000s\000t\000o\000m\000\137\000e\000x\000c\000e\000p\000t\000i\000o\000n\000s\000:\000:\000R\000t\000a\000i\000E\000r\000r\000o\000r\000\040\000C\000l\000a\000s\000s\000\040\000R\000e\000f\000e\000r\000e\000n\000c\000e}{chapter.6}
\BOOKMARK [2][-]{subsection.6.5.1}{\376\377\000D\000e\000t\000a\000i\000l\000e\000d\000\040\000D\000e\000s\000c\000r\000i\000p\000t\000i\000o\000n}{section.6.5}
\BOOKMARK [1][-]{section.6.6}{\376\377\000p\000y\000r\000t\000a\000i\000:\000:\000c\000u\000s\000t\000o\000m\000\137\000e\000x\000c\000e\000p\000t\000i\000o\000n\000s\000:\000:\000R\000t\000a\000i\000X\000m\000l\000R\000p\000c\000E\000r\000r\000o\000r\000\040\000C\000l\000a\000s\000s\000\040\000R\000e\000f\000e\000r\000e\000n\000c\000e}{chapter.6}
\BOOKMARK [2][-]{subsection.6.6.1}{\376\377\000D\000e\000t\000a\000i\000l\000e\000d\000\040\000D\000e\000s\000c\000r\000i\000p\000t\000i\000o\000n}{section.6.6}
\BOOKMARK [2][-]{subsection.6.6.2}{\376\377\000C\000o\000n\000s\000t\000r\000u\000c\000t\000o\000r\000\040\000\046\000\040\000D\000e\000s\000t\000r\000u\000c\000t\000o\000r\000\040\000D\000o\000c\000u\000m\000e\000n\000t\000a\000t\000i\000o\000n}{section.6.6}
\BOOKMARK [3][-]{subsubsection.6.6.2.1}{\376\377\000\137\000\137\000i\000n\000i\000t\000\137\000\137}{subsection.6.6.2}
\BOOKMARK [2][-]{subsection.6.6.3}{\376\377\000M\000e\000m\000b\000e\000r\000\040\000F\000u\000n\000c\000t\000i\000o\000n\000\040\000D\000o\000c\000u\000m\000e\000n\000t\000a\000t\000i\000o\000n}{section.6.6}
\BOOKMARK [3][-]{subsubsection.6.6.3.1}{\376\377\000\137\000\137\000s\000t\000r\000\137\000\137}{subsection.6.6.3}
\BOOKMARK [2][-]{subsection.6.6.4}{\376\377\000M\000e\000m\000b\000e\000r\000\040\000D\000a\000t\000a\000\040\000D\000o\000c\000u\000m\000e\000n\000t\000a\000t\000i\000o\000n}{section.6.6}
\BOOKMARK [3][-]{subsubsection.6.6.4.1}{\376\377\000e\000x\000p\000r}{subsection.6.6.4}
\BOOKMARK [3][-]{subsubsection.6.6.4.2}{\376\377\000m\000s\000g}{subsection.6.6.4}
\BOOKMARK [1][-]{section.6.7}{\376\377\000p\000y\000r\000t\000a\000i\000:\000:\000t\000a\000r\000g\000e\000t\000:\000:\000T\000a\000r\000g\000e\000t\000\040\000C\000l\000a\000s\000s\000\040\000R\000e\000f\000e\000r\000e\000n\000c\000e}{chapter.6}
\BOOKMARK [2][-]{subsection.6.7.1}{\376\377\000C\000o\000n\000s\000t\000r\000u\000c\000t\000o\000r\000\040\000\046\000\040\000D\000e\000s\000t\000r\000u\000c\000t\000o\000r\000\040\000D\000o\000c\000u\000m\000e\000n\000t\000a\000t\000i\000o\000n}{section.6.7}
\BOOKMARK [3][-]{subsubsection.6.7.1.1}{\376\377\000\137\000\137\000i\000n\000i\000t\000\137\000\137}{subsection.6.7.1}
\BOOKMARK [2][-]{subsection.6.7.2}{\376\377\000M\000e\000m\000b\000e\000r\000\040\000F\000u\000n\000c\000t\000i\000o\000n\000\040\000D\000o\000c\000u\000m\000e\000n\000t\000a\000t\000i\000o\000n}{section.6.7}
\BOOKMARK [3][-]{subsubsection.6.7.2.1}{\376\377\000c\000l\000o\000s\000e}{subsection.6.7.2}
\BOOKMARK [3][-]{subsubsection.6.7.2.2}{\376\377\000c\000o\000n\000n\000e\000c\000t}{subsection.6.7.2}
\BOOKMARK [3][-]{subsubsection.6.7.2.3}{\376\377\000d\000i\000s\000c\000o\000n\000n\000e\000c\000t}{subsection.6.7.2}
\BOOKMARK [3][-]{subsubsection.6.7.2.4}{\376\377\000g\000e\000t\000S\000l\000a\000v\000e}{subsection.6.7.2}
\BOOKMARK [3][-]{subsubsection.6.7.2.5}{\376\377\000s\000t\000o\000p\000S\000e\000r\000v\000e\000r}{subsection.6.7.2}
\BOOKMARK [2][-]{subsection.6.7.3}{\376\377\000M\000e\000m\000b\000e\000r\000\040\000D\000a\000t\000a\000\040\000D\000o\000c\000u\000m\000e\000n\000t\000a\000t\000i\000o\000n}{section.6.7}
\BOOKMARK [3][-]{subsubsection.6.7.3.1}{\376\377\000c\000o\000n\000f\000i\000g}{subsection.6.7.3}
\BOOKMARK [3][-]{subsubsection.6.7.3.2}{\376\377\000c\000o\000n\000n\000e\000c\000t\000i\000o\000n}{subsection.6.7.3}
\BOOKMARK [3][-]{subsubsection.6.7.3.3}{\376\377\000s\000l\000a\000v\000e}{subsection.6.7.3}
\BOOKMARK [0][-]{chapter.7}{\376\377\000F\000i\000l\000e\000\040\000D\000o\000c\000u\000m\000e\000n\000t\000a\000t\000i\000o\000n}{}
\BOOKMARK [1][-]{section.7.1}{\376\377\000/\000h\000o\000m\000e\000/\000d\000r\000w\000o\000l\000f\000/\000D\000e\000v\000e\000l\000/\000R\000e\000m\000o\000t\000e\000-\000R\000T\000A\000I\000-\000l\000i\000b\000/\000P\000y\000t\000h\000o\000n\000\040\000L\000i\000b\000r\000a\000r\000y\000/\000p\000y\000r\000t\000a\000i\000/\000\137\000\137\000i\000n\000i\000t\000\137\000\137\000.\000p\000y\000\040\000F\000i\000l\000e\000\040\000R\000e\000f\000e\000r\000e\000n\000c\000e}{chapter.7}
\BOOKMARK [1][-]{section.7.2}{\376\377\000/\000h\000o\000m\000e\000/\000d\000r\000w\000o\000l\000f\000/\000D\000e\000v\000e\000l\000/\000R\000e\000m\000o\000t\000e\000-\000R\000T\000A\000I\000-\000l\000i\000b\000/\000P\000y\000t\000h\000o\000n\000\040\000L\000i\000b\000r\000a\000r\000y\000/\000p\000y\000r\000t\000a\000i\000/\000c\000o\000n\000f\000i\000g\000u\000r\000a\000t\000o\000r\000.\000p\000y\000\040\000F\000i\000l\000e\000\040\000R\000e\000f\000e\000r\000e\000n\000c\000e}{chapter.7}
\BOOKMARK [1][-]{section.7.3}{\376\377\000/\000h\000o\000m\000e\000/\000d\000r\000w\000o\000l\000f\000/\000D\000e\000v\000e\000l\000/\000R\000e\000m\000o\000t\000e\000-\000R\000T\000A\000I\000-\000l\000i\000b\000/\000P\000y\000t\000h\000o\000n\000\040\000L\000i\000b\000r\000a\000r\000y\000/\000p\000y\000r\000t\000a\000i\000/\000c\000o\000n\000n\000e\000c\000t\000o\000r\000.\000p\000y\000\040\000F\000i\000l\000e\000\040\000R\000e\000f\000e\000r\000e\000n\000c\000e}{chapter.7}
\BOOKMARK [1][-]{section.7.4}{\376\377\000/\000h\000o\000m\000e\000/\000d\000r\000w\000o\000l\000f\000/\000D\000e\000v\000e\000l\000/\000R\000e\000m\000o\000t\000e\000-\000R\000T\000A\000I\000-\000l\000i\000b\000/\000P\000y\000t\000h\000o\000n\000\040\000L\000i\000b\000r\000a\000r\000y\000/\000p\000y\000r\000t\000a\000i\000/\000c\000u\000s\000t\000o\000m\000\137\000e\000x\000c\000e\000p\000t\000i\000o\000n\000s\000.\000p\000y\000\040\000F\000i\000l\000e\000\040\000R\000e\000f\000e\000r\000e\000n\000c\000e}{chapter.7}
\BOOKMARK [1][-]{section.7.5}{\376\377\000/\000h\000o\000m\000e\000/\000d\000r\000w\000o\000l\000f\000/\000D\000e\000v\000e\000l\000/\000R\000e\000m\000o\000t\000e\000-\000R\000T\000A\000I\000-\000l\000i\000b\000/\000P\000y\000t\000h\000o\000n\000\040\000L\000i\000b\000r\000a\000r\000y\000/\000p\000y\000r\000t\000a\000i\000/\000d\000a\000t\000a\000\137\000c\000o\000l\000l\000e\000c\000t\000o\000r\000.\000p\000y\000\040\000F\000i\000l\000e\000\040\000R\000e\000f\000e\000r\000e\000n\000c\000e}{chapter.7}
\BOOKMARK [1][-]{section.7.6}{\376\377\000/\000h\000o\000m\000e\000/\000d\000r\000w\000o\000l\000f\000/\000D\000e\000v\000e\000l\000/\000R\000e\000m\000o\000t\000e\000-\000R\000T\000A\000I\000-\000l\000i\000b\000/\000P\000y\000t\000h\000o\000n\000\040\000L\000i\000b\000r\000a\000r\000y\000/\000p\000y\000r\000t\000a\000i\000/\000t\000a\000r\000g\000e\000t\000.\000p\000y\000\040\000F\000i\000l\000e\000\040\000R\000e\000f\000e\000r\000e\000n\000c\000e}{chapter.7}
\BOOKMARK [1][-]{section.7.7}{\376\377\000/\000h\000o\000m\000e\000/\000d\000r\000w\000o\000l\000f\000/\000D\000e\000v\000e\000l\000/\000R\000e\000m\000o\000t\000e\000-\000R\000T\000A\000I\000-\000l\000i\000b\000/\000P\000y\000t\000h\000o\000n\000\040\000L\000i\000b\000r\000a\000r\000y\000/\000p\000y\000r\000t\000a\000i\000/\000u\000t\000i\000l\000i\000t\000y\000.\000p\000y\000\040\000F\000i\000l\000e\000\040\000R\000e\000f\000e\000r\000e\000n\000c\000e}{chapter.7}
